app/build/intermediates/manifest_merge_blame_file/debug/manifest-merger-blame-debug-report.txt
1<?xml version="1.0" encoding="utf-8"?>
2<manifest xmlns:android="http://schemas.android.com/apk/res/android"
3    package="com.example.zengennetwork"
4    android:versionCode="1"
5    android:versionName="1.0" >
6
7    <uses-sdk
8        android:minSdkVersion="21"
8-->src\main\AndroidManifest.xml
9        android:targetSdkVersion="31" />
9-->src\main\AndroidManifest.xml
10
11    <uses-permission android:name="android.permission.WAKE_LOCK" />
11-->src\main\AndroidManifest.xml:6:5-68
11-->src\main\AndroidManifest.xml:6:22-65
12    <uses-permission android:name="android.permission.ACCESS_NETWORK_STATE" />
12-->src\main\AndroidManifest.xml:7:5-78
12-->src\main\AndroidManifest.xml:7:22-76
13    <uses-permission android:name="android.permission.INTERNET" />
13-->src\main\AndroidManifest.xml:8:5-66
13-->src\main\AndroidManifest.xml:8:22-64
14
15    <application
15-->src\main\AndroidManifest.xml:10:5-48:19
16        android:allowBackup="true"
16-->src\main\AndroidManifest.xml:12:9-35
17        android:appComponentFactory="androidx.core.app.CoreComponentFactory"
17-->[androidx.core:core:1.5.0] AndroidManifest.xml:24:18-86
18        android:debuggable="true"
19        android:icon="@drawable/capture"
19-->src\main\AndroidManifest.xml:13:9-41
20        android:label="Zengen Network"
20-->src\main\AndroidManifest.xml:15:9-41
21        android:roundIcon="@mipmap/ic_launcher_round"
21-->src\main\AndroidManifest.xml:16:9-54
22        android:supportsRtl="true"
22-->src\main\AndroidManifest.xml:17:9-35
23        android:testOnly="true"
24        android:theme="@style/Theme.ZengenNetwork"
24-->src\main\AndroidManifest.xml:18:9-51
25        android:title="Zengen Network" >
25-->src\main\AndroidManifest.xml:14:9-41
26        <activity
26-->src\main\AndroidManifest.xml:21:9-28:20
27            android:name="com.example.zengennetwork.Login.SplashActivity"
27-->src\main\AndroidManifest.xml:22:13-49
28            android:exported="true" >
28-->src\main\AndroidManifest.xml:23:13-36
29            <intent-filter>
29-->src\main\AndroidManifest.xml:24:13-27:29
30                <action android:name="android.intent.action.MAIN" />
30-->src\main\AndroidManifest.xml:25:17-69
30-->src\main\AndroidManifest.xml:25:25-66
31
32                <category android:name="android.intent.category.LAUNCHER" />
32-->src\main\AndroidManifest.xml:26:17-77
32-->src\main\AndroidManifest.xml:26:27-74
33            </intent-filter>
34        </activity>
35        <activity
35-->src\main\AndroidManifest.xml:30:9-32:39
36            android:name="com.example.zengennetwork.Login.SignupActivity"
36-->src\main\AndroidManifest.xml:31:13-49
37            android:exported="true" />
37-->src\main\AndroidManifest.xml:32:13-36
38        <activity
38-->src\main\AndroidManifest.xml:34:9-36:39
39            android:name="com.example.zengennetwork.Login.LoginActivity"
39-->src\main\AndroidManifest.xml:35:13-48
40            android:exported="true" />
40-->src\main\AndroidManifest.xml:36:13-36
41        <activity
41-->src\main\AndroidManifest.xml:37:9-43:20
42            android:name="com.example.zengennetwork.MainActivity"
42-->src\main\AndroidManifest.xml:39:13-41
43            android:exported="true" >
43-->src\main\AndroidManifest.xml:40:13-36
44        </activity>
45
46        <meta-data
46-->src\main\AndroidManifest.xml:45:9-47:57
47            android:name="preloaded_fonts"
47-->src\main\AndroidManifest.xml:46:13-43
48            android:resource="@array/preloaded_fonts" />
48-->src\main\AndroidManifest.xml:47:13-54
49
50        <activity
50-->[com.google.firebase:firebase-auth:19.2.0] AndroidManifest.xml:24:9-31:50
51            android:name="com.google.firebase.auth.internal.FederatedSignInActivity"
51-->[com.google.firebase:firebase-auth:19.2.0] AndroidManifest.xml:25:13-85
52            android:excludeFromRecents="true"
52-->[com.google.firebase:firebase-auth:19.2.0] AndroidManifest.xml:26:13-46
53            android:exported="true"
53-->[com.google.firebase:firebase-auth:19.2.0] AndroidManifest.xml:27:13-36
54            android:launchMode="singleTask"
54-->[com.google.firebase:firebase-auth:19.2.0] AndroidManifest.xml:28:13-44
55            android:permission="com.google.firebase.auth.api.gms.permission.LAUNCH_FEDERATED_SIGN_IN"
55-->[com.google.firebase:firebase-auth:19.2.0] AndroidManifest.xml:29:13-102
56            android:theme="@android:style/Theme.Translucent.NoTitleBar" />
56-->[com.google.firebase:firebase-auth:19.2.0] AndroidManifest.xml:30:13-72
57
58        <service
58-->[com.google.firebase:firebase-auth:19.2.0] AndroidManifest.xml:33:9-39:19
59            android:name="com.google.firebase.components.ComponentDiscoveryService"
59-->[com.google.firebase:firebase-auth:19.2.0] AndroidManifest.xml:34:13-84
60            android:directBootAware="true"
60-->[com.google.firebase:firebase-common:19.3.0] AndroidManifest.xml:34:13-43
61            android:exported="false" >
61-->[com.google.firebase:firebase-auth:19.2.0] AndroidManifest.xml:35:13-37
62            <meta-data
62-->[com.google.firebase:firebase-auth:19.2.0] AndroidManifest.xml:36:13-38:85
63                android:name="com.google.firebase.components:com.google.firebase.auth.FirebaseAuthRegistrar"
63-->[com.google.firebase:firebase-auth:19.2.0] AndroidManifest.xml:37:17-109
64                android:value="com.google.firebase.components.ComponentRegistrar" />
64-->[com.google.firebase:firebase-auth:19.2.0] AndroidManifest.xml:38:17-82
65        </service>
66
67        <activity
67-->[com.google.android.gms:play-services-base:17.1.0] AndroidManifest.xml:23:9-26:75
68            android:name="com.google.android.gms.common.api.GoogleApiActivity"
68-->[com.google.android.gms:play-services-base:17.1.0] AndroidManifest.xml:24:13-79
69            android:exported="false"
69-->[com.google.android.gms:play-services-base:17.1.0] AndroidManifest.xml:25:13-37
70            android:theme="@android:style/Theme.Translucent.NoTitleBar" />
70-->[com.google.android.gms:play-services-base:17.1.0] AndroidManifest.xml:26:13-72
71
72        <provider
72-->[com.google.firebase:firebase-common:19.3.0] AndroidManifest.xml:26:9-30:39
73            android:name="com.google.firebase.provider.FirebaseInitProvider"
73-->[com.google.firebase:firebase-common:19.3.0] AndroidManifest.xml:27:13-77
74            android:authorities="com.example.zengennetwork.firebaseinitprovider"
74-->[com.google.firebase:firebase-common:19.3.0] AndroidManifest.xml:28:13-72
75            android:exported="false"
75-->[com.google.firebase:firebase-common:19.3.0] AndroidManifest.xml:29:13-37
76            android:initOrder="100" />
76-->[com.google.firebase:firebase-common:19.3.0] AndroidManifest.xml:30:13-36
77
78        <meta-data
78-->[com.google.android.gms:play-services-basement:17.0.0] AndroidManifest.xml:23:9-25:69
79            android:name="com.google.android.gms.version"
79-->[com.google.android.gms:play-services-basement:17.0.0] AndroidManifest.xml:24:13-58
80            android:value="@integer/google_play_services_version" />
80-->[com.google.android.gms:play-services-basement:17.0.0] AndroidManifest.xml:25:13-66
81    </application>
82
83</manifest>